Analysis & Synthesis report for clock_57
Mon Dec 30 10:50:17 2024
Quartus II 64-Bit Version 13.1.0 Build 162 10/23/2013 SJ Web Edition


---------------------
; Table of Contents ;
---------------------
  1. Legal Notice
  2. Analysis & Synthesis Summary
  3. Analysis & Synthesis Settings
  4. Parallel Compilation
  5. Analysis & Synthesis Source Files Read
  6. Analysis & Synthesis Resource Usage Summary
  7. Analysis & Synthesis Resource Utilization by Entity
  8. General Register Statistics
  9. Inverted Register Statistics
 10. Multiplexer Restructuring Statistics (Restructuring Performed)
 11. Parameter Settings for User Entity Instance: Top-level Entity: |display_57
 12. Parameter Settings for Inferred Entity Instance: lpm_divide:Mod0
 13. Parameter Settings for Inferred Entity Instance: lpm_divide:Div0
 14. Parameter Settings for Inferred Entity Instance: lpm_divide:Mod1
 15. Parameter Settings for Inferred Entity Instance: lpm_divide:Div1
 16. Parameter Settings for Inferred Entity Instance: lpm_divide:Mod2
 17. Parameter Settings for Inferred Entity Instance: lpm_divide:Div2
 18. Elapsed Time Per Partition
 19. Analysis & Synthesis Messages



----------------
; Legal Notice ;
----------------
Copyright (C) 1991-2013 Altera Corporation
Your use of Altera Corporation's design tools, logic functions 
and other software and tools, and its AMPP partner logic 
functions, and any output files from any of the foregoing 
(including device programming or simulation files), and any 
associated documentation or information are expressly subject 
to the terms and conditions of the Altera Program License 
Subscription Agreement, Altera MegaCore Function License 
Agreement, or other applicable license agreement, including, 
without limitation, that your use is for the sole purpose of 
programming logic devices manufactured by Altera and sold by 
Altera or its authorized distributors.  Please refer to the 
applicable agreement for further details.



+---------------------------------------------------------------------------------+
; Analysis & Synthesis Summary                                                    ;
+------------------------------------+--------------------------------------------+
; Analysis & Synthesis Status        ; Successful - Mon Dec 30 10:50:17 2024      ;
; Quartus II 64-Bit Version          ; 13.1.0 Build 162 10/23/2013 SJ Web Edition ;
; Revision Name                      ; clock_57                                   ;
; Top-level Entity Name              ; display_57                                 ;
; Family                             ; Cyclone III                                ;
; Total logic elements               ; 381                                        ;
;     Total combinational functions  ; 381                                        ;
;     Dedicated logic registers      ; 41                                         ;
; Total registers                    ; 41                                         ;
; Total pins                         ; 49                                         ;
; Total virtual pins                 ; 0                                          ;
; Total memory bits                  ; 0                                          ;
; Embedded Multiplier 9-bit elements ; 0                                          ;
; Total PLLs                         ; 0                                          ;
+------------------------------------+--------------------------------------------+


+----------------------------------------------------------------------------------------------------------------------+
; Analysis & Synthesis Settings                                                                                        ;
+----------------------------------------------------------------------------+--------------------+--------------------+
; Option                                                                     ; Setting            ; Default Value      ;
+----------------------------------------------------------------------------+--------------------+--------------------+
; Device                                                                     ; EP3C16Q240C8       ;                    ;
; Top-level entity name                                                      ; display_57         ; clock_57           ;
; Family name                                                                ; Cyclone III        ; Cyclone IV GX      ;
; Use smart compilation                                                      ; Off                ; Off                ;
; Enable parallel Assembler and TimeQuest Timing Analyzer during compilation ; On                 ; On                 ;
; Enable compact report table                                                ; Off                ; Off                ;
; Restructure Multiplexers                                                   ; Auto               ; Auto               ;
; Create Debugging Nodes for IP Cores                                        ; Off                ; Off                ;
; Preserve fewer node names                                                  ; On                 ; On                 ;
; Disable OpenCore Plus hardware evaluation                                  ; Off                ; Off                ;
; Verilog Version                                                            ; Verilog_2001       ; Verilog_2001       ;
; VHDL Version                                                               ; VHDL_1993          ; VHDL_1993          ;
; State Machine Processing                                                   ; Auto               ; Auto               ;
; Safe State Machine                                                         ; Off                ; Off                ;
; Extract Verilog State Machines                                             ; On                 ; On                 ;
; Extract VHDL State Machines                                                ; On                 ; On                 ;
; Ignore Verilog initial constructs                                          ; Off                ; Off                ;
; Iteration limit for constant Verilog loops                                 ; 5000               ; 5000               ;
; Iteration limit for non-constant Verilog loops                             ; 250                ; 250                ;
; Add Pass-Through Logic to Inferred RAMs                                    ; On                 ; On                 ;
; Infer RAMs from Raw Logic                                                  ; On                 ; On                 ;
; Parallel Synthesis                                                         ; On                 ; On                 ;
; DSP Block Balancing                                                        ; Auto               ; Auto               ;
; NOT Gate Push-Back                                                         ; On                 ; On                 ;
; Power-Up Don't Care                                                        ; On                 ; On                 ;
; Remove Redundant Logic Cells                                               ; Off                ; Off                ;
; Remove Duplicate Registers                                                 ; On                 ; On                 ;
; Ignore CARRY Buffers                                                       ; Off                ; Off                ;
; Ignore CASCADE Buffers                                                     ; Off                ; Off                ;
; Ignore GLOBAL Buffers                                                      ; Off                ; Off                ;
; Ignore ROW GLOBAL Buffers                                                  ; Off                ; Off                ;
; Ignore LCELL Buffers                                                       ; Off                ; Off                ;
; Ignore SOFT Buffers                                                        ; On                 ; On                 ;
; Limit AHDL Integers to 32 Bits                                             ; Off                ; Off                ;
; Optimization Technique                                                     ; Balanced           ; Balanced           ;
; Carry Chain Length                                                         ; 70                 ; 70                 ;
; Auto Carry Chains                                                          ; On                 ; On                 ;
; Auto Open-Drain Pins                                                       ; On                 ; On                 ;
; Perform WYSIWYG Primitive Resynthesis                                      ; Off                ; Off                ;
; Auto ROM Replacement                                                       ; On                 ; On                 ;
; Auto RAM Replacement                                                       ; On                 ; On                 ;
; Auto DSP Block Replacement                                                 ; On                 ; On                 ;
; Auto Shift Register Replacement                                            ; Auto               ; Auto               ;
; Allow Shift Register Merging across Hierarchies                            ; Auto               ; Auto               ;
; Auto Clock Enable Replacement                                              ; On                 ; On                 ;
; Strict RAM Replacement                                                     ; Off                ; Off                ;
; Allow Synchronous Control Signals                                          ; On                 ; On                 ;
; Force Use of Synchronous Clear Signals                                     ; Off                ; Off                ;
; Auto RAM Block Balancing                                                   ; On                 ; On                 ;
; Auto RAM to Logic Cell Conversion                                          ; Off                ; Off                ;
; Auto Resource Sharing                                                      ; Off                ; Off                ;
; Allow Any RAM Size For Recognition                                         ; Off                ; Off                ;
; Allow Any ROM Size For Recognition                                         ; Off                ; Off                ;
; Allow Any Shift Register Size For Recognition                              ; Off                ; Off                ;
; Use LogicLock Constraints during Resource Balancing                        ; On                 ; On                 ;
; Ignore translate_off and synthesis_off directives                          ; Off                ; Off                ;
; Timing-Driven Synthesis                                                    ; On                 ; On                 ;
; Report Parameter Settings                                                  ; On                 ; On                 ;
; Report Source Assignments                                                  ; On                 ; On                 ;
; Report Connectivity Checks                                                 ; On                 ; On                 ;
; Ignore Maximum Fan-Out Assignments                                         ; Off                ; Off                ;
; Synchronization Register Chain Length                                      ; 2                  ; 2                  ;
; PowerPlay Power Optimization                                               ; Normal compilation ; Normal compilation ;
; HDL message level                                                          ; Level2             ; Level2             ;
; Suppress Register Optimization Related Messages                            ; Off                ; Off                ;
; Number of Removed Registers Reported in Synthesis Report                   ; 5000               ; 5000               ;
; Number of Swept Nodes Reported in Synthesis Report                         ; 5000               ; 5000               ;
; Number of Inverted Registers Reported in Synthesis Report                  ; 100                ; 100                ;
; Clock MUX Protection                                                       ; On                 ; On                 ;
; Auto Gated Clock Conversion                                                ; Off                ; Off                ;
; Block Design Naming                                                        ; Auto               ; Auto               ;
; SDC constraint protection                                                  ; Off                ; Off                ;
; Synthesis Effort                                                           ; Auto               ; Auto               ;
; Shift Register Replacement - Allow Asynchronous Clear Signal               ; On                 ; On                 ;
; Pre-Mapping Resynthesis Optimization                                       ; Off                ; Off                ;
; Analysis & Synthesis Message Level                                         ; Medium             ; Medium             ;
; Disable Register Merging Across Hierarchies                                ; Auto               ; Auto               ;
; Resource Aware Inference For Block RAM                                     ; On                 ; On                 ;
; Synthesis Seed                                                             ; 1                  ; 1                  ;
+----------------------------------------------------------------------------+--------------------+--------------------+


+------------------------------------------+
; Parallel Compilation                     ;
+----------------------------+-------------+
; Processors                 ; Number      ;
+----------------------------+-------------+
; Number detected on machine ; 16          ;
; Maximum allowed            ; 10          ;
;                            ;             ;
; Average used               ; 1.00        ;
; Maximum used               ; 1           ;
;                            ;             ;
; Usage by Processor         ; % Time Used ;
;     Processor 1            ; 100.0%      ;
;     Processors 2-16        ;   0.0%      ;
+----------------------------+-------------+


+---------------------------------------------------------------------------------------------------------------------------------------------------------------------+
; Analysis & Synthesis Source Files Read                                                                                                                              ;
+----------------------------------+-----------------+------------------------------+-----------------------------------------------------------------------+---------+
; File Name with User-Entered Path ; Used in Netlist ; File Type                    ; File Name with Absolute Path                                          ; Library ;
+----------------------------------+-----------------+------------------------------+-----------------------------------------------------------------------+---------+
; design_sources_57/display_57.v   ; yes             ; User Verilog HDL File        ; E:/projects_2024/digital_circuit/clock/design_sources_57/display_57.v ;         ;
; lpm_divide.tdf                   ; yes             ; Megafunction                 ; d:/altera/13.1/quartus/libraries/megafunctions/lpm_divide.tdf         ;         ;
; abs_divider.inc                  ; yes             ; Megafunction                 ; d:/altera/13.1/quartus/libraries/megafunctions/abs_divider.inc        ;         ;
; sign_div_unsign.inc              ; yes             ; Megafunction                 ; d:/altera/13.1/quartus/libraries/megafunctions/sign_div_unsign.inc    ;         ;
; aglobal131.inc                   ; yes             ; Megafunction                 ; d:/altera/13.1/quartus/libraries/megafunctions/aglobal131.inc         ;         ;
; db/lpm_divide_c8m.tdf            ; yes             ; Auto-Generated Megafunction  ; E:/projects_2024/digital_circuit/clock/db/lpm_divide_c8m.tdf          ;         ;
; db/sign_div_unsign_akh.tdf       ; yes             ; Auto-Generated Megafunction  ; E:/projects_2024/digital_circuit/clock/db/sign_div_unsign_akh.tdf     ;         ;
; db/alt_u_div_84f.tdf             ; yes             ; Auto-Generated Megafunction  ; E:/projects_2024/digital_circuit/clock/db/alt_u_div_84f.tdf           ;         ;
; db/add_sub_7pc.tdf               ; yes             ; Auto-Generated Megafunction  ; E:/projects_2024/digital_circuit/clock/db/add_sub_7pc.tdf             ;         ;
; db/add_sub_8pc.tdf               ; yes             ; Auto-Generated Megafunction  ; E:/projects_2024/digital_circuit/clock/db/add_sub_8pc.tdf             ;         ;
; db/lpm_divide_9gm.tdf            ; yes             ; Auto-Generated Megafunction  ; E:/projects_2024/digital_circuit/clock/db/lpm_divide_9gm.tdf          ;         ;
+----------------------------------+-----------------+------------------------------+-----------------------------------------------------------------------+---------+


+------------------------------------------------------------+
; Analysis & Synthesis Resource Usage Summary                ;
+---------------------------------------------+--------------+
; Resource                                    ; Usage        ;
+---------------------------------------------+--------------+
; Estimated Total logic elements              ; 381          ;
;                                             ;              ;
; Total combinational functions               ; 381          ;
; Logic element usage by number of LUT inputs ;              ;
;     -- 4 input functions                    ; 88           ;
;     -- 3 input functions                    ; 83           ;
;     -- <=2 input functions                  ; 210          ;
;                                             ;              ;
; Logic elements by mode                      ;              ;
;     -- normal mode                          ; 260          ;
;     -- arithmetic mode                      ; 121          ;
;                                             ;              ;
; Total registers                             ; 41           ;
;     -- Dedicated logic registers            ; 41           ;
;     -- I/O registers                        ; 0            ;
;                                             ;              ;
; I/O pins                                    ; 49           ;
; Embedded Multiplier 9-bit elements          ; 0            ;
; Maximum fan-out node                        ; clk_57~input ;
; Maximum fan-out                             ; 41           ;
; Total fan-out                               ; 1150         ;
; Average fan-out                             ; 2.21         ;
+---------------------------------------------+--------------+


+---------------------------------------------------------------------------------------------------------------------------------------------------------------------------------------------------------------------------------------------------------------------------------+
; Analysis & Synthesis Resource Utilization by Entity                                                                                                                                                                                                                             ;
+----------------------------------------+-------------------+--------------+-------------+--------------+---------+-----------+------+--------------+-------------------------------------------------------------------------------------------------------------+--------------+
; Compilation Hierarchy Node             ; LC Combinationals ; LC Registers ; Memory Bits ; DSP Elements ; DSP 9x9 ; DSP 18x18 ; Pins ; Virtual Pins ; Full Hierarchy Name                                                                                         ; Library Name ;
+----------------------------------------+-------------------+--------------+-------------+--------------+---------+-----------+------+--------------+-------------------------------------------------------------------------------------------------------------+--------------+
; |display_57                            ; 381 (123)         ; 41 (41)      ; 0           ; 0            ; 0       ; 0         ; 49   ; 0            ; |display_57                                                                                                 ; work         ;
;    |lpm_divide:Div0|                   ; 43 (0)            ; 0 (0)        ; 0           ; 0            ; 0       ; 0         ; 0    ; 0            ; |display_57|lpm_divide:Div0                                                                                 ; work         ;
;       |lpm_divide_9gm:auto_generated|  ; 43 (0)            ; 0 (0)        ; 0           ; 0            ; 0       ; 0         ; 0    ; 0            ; |display_57|lpm_divide:Div0|lpm_divide_9gm:auto_generated                                                   ; work         ;
;          |sign_div_unsign_akh:divider| ; 43 (0)            ; 0 (0)        ; 0           ; 0            ; 0       ; 0         ; 0    ; 0            ; |display_57|lpm_divide:Div0|lpm_divide_9gm:auto_generated|sign_div_unsign_akh:divider                       ; work         ;
;             |alt_u_div_84f:divider|    ; 43 (43)           ; 0 (0)        ; 0           ; 0            ; 0       ; 0         ; 0    ; 0            ; |display_57|lpm_divide:Div0|lpm_divide_9gm:auto_generated|sign_div_unsign_akh:divider|alt_u_div_84f:divider ; work         ;
;    |lpm_divide:Div1|                   ; 43 (0)            ; 0 (0)        ; 0           ; 0            ; 0       ; 0         ; 0    ; 0            ; |display_57|lpm_divide:Div1                                                                                 ; work         ;
;       |lpm_divide_9gm:auto_generated|  ; 43 (0)            ; 0 (0)        ; 0           ; 0            ; 0       ; 0         ; 0    ; 0            ; |display_57|lpm_divide:Div1|lpm_divide_9gm:auto_generated                                                   ; work         ;
;          |sign_div_unsign_akh:divider| ; 43 (0)            ; 0 (0)        ; 0           ; 0            ; 0       ; 0         ; 0    ; 0            ; |display_57|lpm_divide:Div1|lpm_divide_9gm:auto_generated|sign_div_unsign_akh:divider                       ; work         ;
;             |alt_u_div_84f:divider|    ; 43 (43)           ; 0 (0)        ; 0           ; 0            ; 0       ; 0         ; 0    ; 0            ; |display_57|lpm_divide:Div1|lpm_divide_9gm:auto_generated|sign_div_unsign_akh:divider|alt_u_div_84f:divider ; work         ;
;    |lpm_divide:Div2|                   ; 43 (0)            ; 0 (0)        ; 0           ; 0            ; 0       ; 0         ; 0    ; 0            ; |display_57|lpm_divide:Div2                                                                                 ; work         ;
;       |lpm_divide_9gm:auto_generated|  ; 43 (0)            ; 0 (0)        ; 0           ; 0            ; 0       ; 0         ; 0    ; 0            ; |display_57|lpm_divide:Div2|lpm_divide_9gm:auto_generated                                                   ; work         ;
;          |sign_div_unsign_akh:divider| ; 43 (0)            ; 0 (0)        ; 0           ; 0            ; 0       ; 0         ; 0    ; 0            ; |display_57|lpm_divide:Div2|lpm_divide_9gm:auto_generated|sign_div_unsign_akh:divider                       ; work         ;
;             |alt_u_div_84f:divider|    ; 43 (43)           ; 0 (0)        ; 0           ; 0            ; 0       ; 0         ; 0    ; 0            ; |display_57|lpm_divide:Div2|lpm_divide_9gm:auto_generated|sign_div_unsign_akh:divider|alt_u_div_84f:divider ; work         ;
;    |lpm_divide:Mod0|                   ; 43 (0)            ; 0 (0)        ; 0           ; 0            ; 0       ; 0         ; 0    ; 0            ; |display_57|lpm_divide:Mod0                                                                                 ; work         ;
;       |lpm_divide_c8m:auto_generated|  ; 43 (0)            ; 0 (0)        ; 0           ; 0            ; 0       ; 0         ; 0    ; 0            ; |display_57|lpm_divide:Mod0|lpm_divide_c8m:auto_generated                                                   ; work         ;
;          |sign_div_unsign_akh:divider| ; 43 (0)            ; 0 (0)        ; 0           ; 0            ; 0       ; 0         ; 0    ; 0            ; |display_57|lpm_divide:Mod0|lpm_divide_c8m:auto_generated|sign_div_unsign_akh:divider                       ; work         ;
;             |alt_u_div_84f:divider|    ; 43 (43)           ; 0 (0)        ; 0           ; 0            ; 0       ; 0         ; 0    ; 0            ; |display_57|lpm_divide:Mod0|lpm_divide_c8m:auto_generated|sign_div_unsign_akh:divider|alt_u_div_84f:divider ; work         ;
;    |lpm_divide:Mod1|                   ; 43 (0)            ; 0 (0)        ; 0           ; 0            ; 0       ; 0         ; 0    ; 0            ; |display_57|lpm_divide:Mod1                                                                                 ; work         ;
;       |lpm_divide_c8m:auto_generated|  ; 43 (0)            ; 0 (0)        ; 0           ; 0            ; 0       ; 0         ; 0    ; 0            ; |display_57|lpm_divide:Mod1|lpm_divide_c8m:auto_generated                                                   ; work         ;
;          |sign_div_unsign_akh:divider| ; 43 (0)            ; 0 (0)        ; 0           ; 0            ; 0       ; 0         ; 0    ; 0            ; |display_57|lpm_divide:Mod1|lpm_divide_c8m:auto_generated|sign_div_unsign_akh:divider                       ; work         ;
;             |alt_u_div_84f:divider|    ; 43 (43)           ; 0 (0)        ; 0           ; 0            ; 0       ; 0         ; 0    ; 0            ; |display_57|lpm_divide:Mod1|lpm_divide_c8m:auto_generated|sign_div_unsign_akh:divider|alt_u_div_84f:divider ; work         ;
;    |lpm_divide:Mod2|                   ; 43 (0)            ; 0 (0)        ; 0           ; 0            ; 0       ; 0         ; 0    ; 0            ; |display_57|lpm_divide:Mod2                                                                                 ; work         ;
;       |lpm_divide_c8m:auto_generated|  ; 43 (0)            ; 0 (0)        ; 0           ; 0            ; 0       ; 0         ; 0    ; 0            ; |display_57|lpm_divide:Mod2|lpm_divide_c8m:auto_generated                                                   ; work         ;
;          |sign_div_unsign_akh:divider| ; 43 (0)            ; 0 (0)        ; 0           ; 0            ; 0       ; 0         ; 0    ; 0            ; |display_57|lpm_divide:Mod2|lpm_divide_c8m:auto_generated|sign_div_unsign_akh:divider                       ; work         ;
;             |alt_u_div_84f:divider|    ; 43 (43)           ; 0 (0)        ; 0           ; 0            ; 0       ; 0         ; 0    ; 0            ; |display_57|lpm_divide:Mod2|lpm_divide_c8m:auto_generated|sign_div_unsign_akh:divider|alt_u_div_84f:divider ; work         ;
+----------------------------------------+-------------------+--------------+-------------+--------------+---------+-----------+------+--------------+-------------------------------------------------------------------------------------------------------------+--------------+
Note: For table entries with two numbers listed, the numbers in parentheses indicate the number of resources of the given type used by the specific entity alone. The numbers listed outside of parentheses indicate the total resources of the given type used by the specific entity and all of its sub-entities in the hierarchy.


+------------------------------------------------------+
; General Register Statistics                          ;
+----------------------------------------------+-------+
; Statistic                                    ; Value ;
+----------------------------------------------+-------+
; Total registers                              ; 41    ;
; Number of registers using Synchronous Clear  ; 32    ;
; Number of registers using Synchronous Load   ; 0     ;
; Number of registers using Asynchronous Clear ; 0     ;
; Number of registers using Asynchronous Load  ; 0     ;
; Number of registers using Clock Enable       ; 0     ;
; Number of registers using Preset             ; 0     ;
+----------------------------------------------+-------+


+--------------------------------------------------+
; Inverted Register Statistics                     ;
+----------------------------------------+---------+
; Inverted Register                      ; Fan out ;
+----------------------------------------+---------+
; dig_scan_57[5]                         ; 4       ;
; dig_scan_57[2]                         ; 4       ;
; dig_scan_57[4]                         ; 7       ;
; dig_scan_57[3]                         ; 7       ;
; dig_scan_57[1]                         ; 7       ;
; dig_scan_57[7]                         ; 7       ;
; dig_scan_57[6]                         ; 7       ;
; Total number of inverted registers = 7 ;         ;
+----------------------------------------+---------+


+---------------------------------------------------------------------------------------------------------------------------------------------+
; Multiplexer Restructuring Statistics (Restructuring Performed)                                                                              ;
+--------------------+-----------+---------------+----------------------+------------------------+------------+-------------------------------+
; Multiplexer Inputs ; Bus Width ; Baseline Area ; Area if Restructured ; Saving if Restructured ; Registered ; Example Multiplexer Output    ;
+--------------------+-----------+---------------+----------------------+------------------------+------------+-------------------------------+
; 3:1                ; 32 bits   ; 64 LEs        ; 32 LEs               ; 32 LEs                 ; Yes        ; |display_57|cnt_05_57[19]     ;
; 9:1                ; 2 bits    ; 12 LEs        ; 12 LEs               ; 0 LEs                  ; No         ; |display_57|current_num_57    ;
; 11:1               ; 2 bits    ; 14 LEs        ; 14 LEs               ; 0 LEs                  ; No         ; |display_57|current_num_57[0] ;
+--------------------+-----------+---------------+----------------------+------------------------+------------+-------------------------------+


+----------------------------------------------------------------------------+
; Parameter Settings for User Entity Instance: Top-level Entity: |display_57 ;
+----------------+-------+---------------------------------------------------+
; Parameter Name ; Value ; Type                                              ;
+----------------+-------+---------------------------------------------------+
; freq05         ; 250   ; Signed Integer                                    ;
+----------------+-------+---------------------------------------------------+
Note: In order to hide this table in the UI and the text report file, please set the "Show Parameter Settings in Synthesis Report" option in "Analysis and Synthesis Settings -> More Settings" to "Off".


+------------------------------------------------------------------+
; Parameter Settings for Inferred Entity Instance: lpm_divide:Mod0 ;
+------------------------+----------------+------------------------+
; Parameter Name         ; Value          ; Type                   ;
+------------------------+----------------+------------------------+
; LPM_WIDTHN             ; 7              ; Untyped                ;
; LPM_WIDTHD             ; 4              ; Untyped                ;
; LPM_NREPRESENTATION    ; UNSIGNED       ; Untyped                ;
; LPM_DREPRESENTATION    ; UNSIGNED       ; Untyped                ;
; LPM_PIPELINE           ; 0              ; Untyped                ;
; LPM_REMAINDERPOSITIVE  ; TRUE           ; Untyped                ;
; MAXIMIZE_SPEED         ; 5              ; Untyped                ;
; CBXI_PARAMETER         ; lpm_divide_c8m ; Untyped                ;
; CARRY_CHAIN            ; MANUAL         ; Untyped                ;
; OPTIMIZE_FOR_SPEED     ; 5              ; Untyped                ;
; AUTO_CARRY_CHAINS      ; ON             ; AUTO_CARRY             ;
; IGNORE_CARRY_BUFFERS   ; OFF            ; IGNORE_CARRY           ;
; AUTO_CASCADE_CHAINS    ; ON             ; AUTO_CASCADE           ;
; IGNORE_CASCADE_BUFFERS ; OFF            ; IGNORE_CASCADE         ;
+------------------------+----------------+------------------------+
Note: In order to hide this table in the UI and the text report file, please set the "Show Parameter Settings in Synthesis Report" option in "Analysis and Synthesis Settings -> More Settings" to "Off".


+------------------------------------------------------------------+
; Parameter Settings for Inferred Entity Instance: lpm_divide:Div0 ;
+------------------------+----------------+------------------------+
; Parameter Name         ; Value          ; Type                   ;
+------------------------+----------------+------------------------+
; LPM_WIDTHN             ; 7              ; Untyped                ;
; LPM_WIDTHD             ; 4              ; Untyped                ;
; LPM_NREPRESENTATION    ; UNSIGNED       ; Untyped                ;
; LPM_DREPRESENTATION    ; UNSIGNED       ; Untyped                ;
; LPM_PIPELINE           ; 0              ; Untyped                ;
; LPM_REMAINDERPOSITIVE  ; TRUE           ; Untyped                ;
; MAXIMIZE_SPEED         ; 5              ; Untyped                ;
; CBXI_PARAMETER         ; lpm_divide_9gm ; Untyped                ;
; CARRY_CHAIN            ; MANUAL         ; Untyped                ;
; OPTIMIZE_FOR_SPEED     ; 5              ; Untyped                ;
; AUTO_CARRY_CHAINS      ; ON             ; AUTO_CARRY             ;
; IGNORE_CARRY_BUFFERS   ; OFF            ; IGNORE_CARRY           ;
; AUTO_CASCADE_CHAINS    ; ON             ; AUTO_CASCADE           ;
; IGNORE_CASCADE_BUFFERS ; OFF            ; IGNORE_CASCADE         ;
+------------------------+----------------+------------------------+
Note: In order to hide this table in the UI and the text report file, please set the "Show Parameter Settings in Synthesis Report" option in "Analysis and Synthesis Settings -> More Settings" to "Off".


+------------------------------------------------------------------+
; Parameter Settings for Inferred Entity Instance: lpm_divide:Mod1 ;
+------------------------+----------------+------------------------+
; Parameter Name         ; Value          ; Type                   ;
+------------------------+----------------+------------------------+
; LPM_WIDTHN             ; 7              ; Untyped                ;
; LPM_WIDTHD             ; 4              ; Untyped                ;
; LPM_NREPRESENTATION    ; UNSIGNED       ; Untyped                ;
; LPM_DREPRESENTATION    ; UNSIGNED       ; Untyped                ;
; LPM_PIPELINE           ; 0              ; Untyped                ;
; LPM_REMAINDERPOSITIVE  ; TRUE           ; Untyped                ;
; MAXIMIZE_SPEED         ; 5              ; Untyped                ;
; CBXI_PARAMETER         ; lpm_divide_c8m ; Untyped                ;
; CARRY_CHAIN            ; MANUAL         ; Untyped                ;
; OPTIMIZE_FOR_SPEED     ; 5              ; Untyped                ;
; AUTO_CARRY_CHAINS      ; ON             ; AUTO_CARRY             ;
; IGNORE_CARRY_BUFFERS   ; OFF            ; IGNORE_CARRY           ;
; AUTO_CASCADE_CHAINS    ; ON             ; AUTO_CASCADE           ;
; IGNORE_CASCADE_BUFFERS ; OFF            ; IGNORE_CASCADE         ;
+------------------------+----------------+------------------------+
Note: In order to hide this table in the UI and the text report file, please set the "Show Parameter Settings in Synthesis Report" option in "Analysis and Synthesis Settings -> More Settings" to "Off".


+------------------------------------------------------------------+
; Parameter Settings for Inferred Entity Instance: lpm_divide:Div1 ;
+------------------------+----------------+------------------------+
; Parameter Name         ; Value          ; Type                   ;
+------------------------+----------------+------------------------+
; LPM_WIDTHN             ; 7              ; Untyped                ;
; LPM_WIDTHD             ; 4              ; Untyped                ;
; LPM_NREPRESENTATION    ; UNSIGNED       ; Untyped                ;
; LPM_DREPRESENTATION    ; UNSIGNED       ; Untyped                ;
; LPM_PIPELINE           ; 0              ; Untyped                ;
; LPM_REMAINDERPOSITIVE  ; TRUE           ; Untyped                ;
; MAXIMIZE_SPEED         ; 5              ; Untyped                ;
; CBXI_PARAMETER         ; lpm_divide_9gm ; Untyped                ;
; CARRY_CHAIN            ; MANUAL         ; Untyped                ;
; OPTIMIZE_FOR_SPEED     ; 5              ; Untyped                ;
; AUTO_CARRY_CHAINS      ; ON             ; AUTO_CARRY             ;
; IGNORE_CARRY_BUFFERS   ; OFF            ; IGNORE_CARRY           ;
; AUTO_CASCADE_CHAINS    ; ON             ; AUTO_CASCADE           ;
; IGNORE_CASCADE_BUFFERS ; OFF            ; IGNORE_CASCADE         ;
+------------------------+----------------+------------------------+
Note: In order to hide this table in the UI and the text report file, please set the "Show Parameter Settings in Synthesis Report" option in "Analysis and Synthesis Settings -> More Settings" to "Off".


+------------------------------------------------------------------+
; Parameter Settings for Inferred Entity Instance: lpm_divide:Mod2 ;
+------------------------+----------------+------------------------+
; Parameter Name         ; Value          ; Type                   ;
+------------------------+----------------+------------------------+
; LPM_WIDTHN             ; 7              ; Untyped                ;
; LPM_WIDTHD             ; 4              ; Untyped                ;
; LPM_NREPRESENTATION    ; UNSIGNED       ; Untyped                ;
; LPM_DREPRESENTATION    ; UNSIGNED       ; Untyped                ;
; LPM_PIPELINE           ; 0              ; Untyped                ;
; LPM_REMAINDERPOSITIVE  ; TRUE           ; Untyped                ;
; MAXIMIZE_SPEED         ; 5              ; Untyped                ;
; CBXI_PARAMETER         ; lpm_divide_c8m ; Untyped                ;
; CARRY_CHAIN            ; MANUAL         ; Untyped                ;
; OPTIMIZE_FOR_SPEED     ; 5              ; Untyped                ;
; AUTO_CARRY_CHAINS      ; ON             ; AUTO_CARRY             ;
; IGNORE_CARRY_BUFFERS   ; OFF            ; IGNORE_CARRY           ;
; AUTO_CASCADE_CHAINS    ; ON             ; AUTO_CASCADE           ;
; IGNORE_CASCADE_BUFFERS ; OFF            ; IGNORE_CASCADE         ;
+------------------------+----------------+------------------------+
Note: In order to hide this table in the UI and the text report file, please set the "Show Parameter Settings in Synthesis Report" option in "Analysis and Synthesis Settings -> More Settings" to "Off".


+------------------------------------------------------------------+
; Parameter Settings for Inferred Entity Instance: lpm_divide:Div2 ;
+------------------------+----------------+------------------------+
; Parameter Name         ; Value          ; Type                   ;
+------------------------+----------------+------------------------+
; LPM_WIDTHN             ; 7              ; Untyped                ;
; LPM_WIDTHD             ; 4              ; Untyped                ;
; LPM_NREPRESENTATION    ; UNSIGNED       ; Untyped                ;
; LPM_DREPRESENTATION    ; UNSIGNED       ; Untyped                ;
; LPM_PIPELINE           ; 0              ; Untyped                ;
; LPM_REMAINDERPOSITIVE  ; TRUE           ; Untyped                ;
; MAXIMIZE_SPEED         ; 5              ; Untyped                ;
; CBXI_PARAMETER         ; lpm_divide_9gm ; Untyped                ;
; CARRY_CHAIN            ; MANUAL         ; Untyped                ;
; OPTIMIZE_FOR_SPEED     ; 5              ; Untyped                ;
; AUTO_CARRY_CHAINS      ; ON             ; AUTO_CARRY             ;
; IGNORE_CARRY_BUFFERS   ; OFF            ; IGNORE_CARRY           ;
; AUTO_CASCADE_CHAINS    ; ON             ; AUTO_CASCADE           ;
; IGNORE_CASCADE_BUFFERS ; OFF            ; IGNORE_CASCADE         ;
+------------------------+----------------+------------------------+
Note: In order to hide this table in the UI and the text report file, please set the "Show Parameter Settings in Synthesis Report" option in "Analysis and Synthesis Settings -> More Settings" to "Off".


+-------------------------------+
; Elapsed Time Per Partition    ;
+----------------+--------------+
; Partition Name ; Elapsed Time ;
+----------------+--------------+
; Top            ; 00:00:01     ;
+----------------+--------------+


+-------------------------------+
; Analysis & Synthesis Messages ;
+-------------------------------+
Info: *******************************************************************
Info: Running Quartus II 64-Bit Analysis & Synthesis
    Info: Version 13.1.0 Build 162 10/23/2013 SJ Web Edition
    Info: Processing started: Mon Dec 30 10:50:13 2024
Info: Command: quartus_map --read_settings_files=on --write_settings_files=off clock_57 -c clock_57
Info (11104): Parallel Compilation has detected 16 hyper-threaded processors. However, the extra hyper-threaded processors will not be used by default. Parallel Compilation will use 10 of the 10 physical processors detected instead.
Info (12021): Found 1 design units, including 1 entities, in source file design_sources_57/time_stopwatch_run.v
    Info (12023): Found entity 1: time_stopwatch_run
Info (12021): Found 1 design units, including 1 entities, in source file design_sources_57/time_stopwatch_record_57.v
    Info (12023): Found entity 1: time_stopwatch_record_57
Warning (12019): Can't analyze file -- file design_sources_57/deshake_57.v is missing
Info (12021): Found 1 design units, including 1 entities, in source file design_sources_57/bell_sound_57.v
    Info (12023): Found entity 1: bell_sound_57
Info (12021): Found 1 design units, including 1 entities, in source file design_sources_57/clock_top_57.v
    Info (12023): Found entity 1: clock_top_57
Info (12021): Found 1 design units, including 1 entities, in source file design_sources_57/fre_div_57.v
    Info (12023): Found entity 1: fre_div_57
Info (12021): Found 1 design units, including 1 entities, in source file design_sources_57/register_57.v
    Info (12023): Found entity 1: register_57
Info (12021): Found 1 design units, including 1 entities, in source file design_sources_57/display_57.v
    Info (12023): Found entity 1: display_57
Info (12021): Found 1 design units, including 1 entities, in source file design_sources_57/week_ctrl_57.v
    Info (12023): Found entity 1: week_ctrl_57
Info (12021): Found 1 design units, including 1 entities, in source file design_sources_57/time_clock_correct_57.v
    Info (12023): Found entity 1: time_clock_correct_57
Info (12021): Found 1 design units, including 1 entities, in source file design_sources_57/deshake1_57.v
    Info (12023): Found entity 1: deshake1_57
Info (12021): Found 1 design units, including 1 entities, in source file design_sources_57/time_alarm_set_57.v
    Info (12023): Found entity 1: time_alarm_set_57
Info (12021): Found 1 design units, including 1 entities, in source file design_sources_57/led_light_57.v
    Info (12023): Found entity 1: led_light_57
Info (12021): Found 1 design units, including 1 entities, in source file design_sources_57/bell_led_ctrl_57.v
    Info (12023): Found entity 1: bell_led_ctrl_57
Info (12127): Elaborating entity "display_57" for the top level hierarchy
Warning (10230): Verilog HDL assignment warning at display_57.v(93): truncated value with size 32 to match size of target (4)
Info (278001): Inferred 6 megafunctions from design logic
    Info (278004): Inferred divider/modulo megafunction ("lpm_divide") from the following logic: "Mod0"
    Info (278004): Inferred divider/modulo megafunction ("lpm_divide") from the following logic: "Div0"
    Info (278004): Inferred divider/modulo megafunction ("lpm_divide") from the following logic: "Mod1"
    Info (278004): Inferred divider/modulo megafunction ("lpm_divide") from the following logic: "Div1"
    Info (278004): Inferred divider/modulo megafunction ("lpm_divide") from the following logic: "Mod2"
    Info (278004): Inferred divider/modulo megafunction ("lpm_divide") from the following logic: "Div2"
Info (12130): Elaborated megafunction instantiation "lpm_divide:Mod0"
Info (12133): Instantiated megafunction "lpm_divide:Mod0" with the following parameter:
    Info (12134): Parameter "LPM_WIDTHN" = "7"
    Info (12134): Parameter "LPM_WIDTHD" = "4"
    Info (12134): Parameter "LPM_NREPRESENTATION" = "UNSIGNED"
    Info (12134): Parameter "LPM_DREPRESENTATION" = "UNSIGNED"
Info (12021): Found 1 design units, including 1 entities, in source file db/lpm_divide_c8m.tdf
    Info (12023): Found entity 1: lpm_divide_c8m
Info (12021): Found 1 design units, including 1 entities, in source file db/sign_div_unsign_akh.tdf
    Info (12023): Found entity 1: sign_div_unsign_akh
Info (12021): Found 1 design units, including 1 entities, in source file db/alt_u_div_84f.tdf
    Info (12023): Found entity 1: alt_u_div_84f
Info (12021): Found 1 design units, including 1 entities, in source file db/add_sub_7pc.tdf
    Info (12023): Found entity 1: add_sub_7pc
Info (12021): Found 1 design units, including 1 entities, in source file db/add_sub_8pc.tdf
    Info (12023): Found entity 1: add_sub_8pc
Info (12130): Elaborated megafunction instantiation "lpm_divide:Div0"
Info (12133): Instantiated megafunction "lpm_divide:Div0" with the following parameter:
    Info (12134): Parameter "LPM_WIDTHN" = "7"
    Info (12134): Parameter "LPM_WIDTHD" = "4"
    Info (12134): Parameter "LPM_NREPRESENTATION" = "UNSIGNED"
    Info (12134): Parameter "LPM_DREPRESENTATION" = "UNSIGNED"
Info (12021): Found 1 design units, including 1 entities, in source file db/lpm_divide_9gm.tdf
    Info (12023): Found entity 1: lpm_divide_9gm
Info (286030): Timing-Driven Synthesis is running
Info (16010): Generating hard_block partition "hard_block:auto_generated_inst"
    Info (16011): Adding 0 node(s), including 0 DDIO, 0 PLL, 0 transceiver and 0 LCELL
Warning (21074): Design contains 1 input pin(s) that do not drive logic
    Warning (15610): No output dependent on input pin "clk_05_57"
Info (21057): Implemented 430 device resources after synthesis - the final resource count might be different
    Info (21058): Implemented 34 input pins
    Info (21059): Implemented 15 output pins
    Info (21061): Implemented 381 logic cells
Info: Quartus II 64-Bit Analysis & Synthesis was successful. 0 errors, 4 warnings
    Info: Peak virtual memory: 4671 megabytes
    Info: Processing ended: Mon Dec 30 10:50:17 2024
    Info: Elapsed time: 00:00:04
    Info: Total CPU time (on all processors): 00:00:00


