Flow report for clock_57
Mon Dec 30 10:50:31 2024
Quartus II 64-Bit Version 13.1.0 Build 162 10/23/2013 SJ Web Edition


---------------------
; Table of Contents ;
---------------------
  1. Legal Notice
  2. Flow Summary
  3. Flow Settings
  4. Flow Non-Default Global Settings
  5. Flow Elapsed Time
  6. Flow OS Summary
  7. Flow Log
  8. Flow Messages
  9. Flow Suppressed Messages



----------------
; Legal Notice ;
----------------
Copyright (C) 1991-2013 Altera Corporation
Your use of Altera Corporation's design tools, logic functions 
and other software and tools, and its AMPP partner logic 
functions, and any output files from any of the foregoing 
(including device programming or simulation files), and any 
associated documentation or information are expressly subject 
to the terms and conditions of the Altera Program License 
Subscription Agreement, Altera MegaCore Function License 
Agreement, or other applicable license agreement, including, 
without limitation, that your use is for the sole purpose of 
programming logic devices manufactured by Altera and sold by 
Altera or its authorized distributors.  Please refer to the 
applicable agreement for further details.



+---------------------------------------------------------------------------------+
; Flow Summary                                                                    ;
+------------------------------------+--------------------------------------------+
; Flow Status                        ; Successful - Mon Dec 30 10:50:31 2024      ;
; Quartus II 64-Bit Version          ; 13.1.0 Build 162 10/23/2013 SJ Web Edition ;
; Revision Name                      ; clock_57                                   ;
; Top-level Entity Name              ; display_57                                 ;
; Family                             ; Cyclone III                                ;
; Device                             ; EP3C16Q240C8                               ;
; Timing Models                      ; Final                                      ;
; Total logic elements               ; 381 / 15,408 ( 2 % )                       ;
;     Total combinational functions  ; 381 / 15,408 ( 2 % )                       ;
;     Dedicated logic registers      ; 41 / 15,408 ( < 1 % )                      ;
; Total registers                    ; 41                                         ;
; Total pins                         ; 49 / 161 ( 30 % )                          ;
; Total virtual pins                 ; 0                                          ;
; Total memory bits                  ; 0 / 516,096 ( 0 % )                        ;
; Embedded Multiplier 9-bit elements ; 0 / 112 ( 0 % )                            ;
; Total PLLs                         ; 0 / 4 ( 0 % )                              ;
+------------------------------------+--------------------------------------------+


+-----------------------------------------+
; Flow Settings                           ;
+-------------------+---------------------+
; Option            ; Setting             ;
+-------------------+---------------------+
; Start date & time ; 12/30/2024 10:50:15 ;
; Main task         ; Compilation         ;
; Revision Name     ; clock_57            ;
+-------------------+---------------------+


+----------------------------------------------------------------------------------------------------------------------------------------------+
; Flow Non-Default Global Settings                                                                                                             ;
+--------------------------------------+----------------------------------------------+---------------+-------------+--------------------------+
; Assignment Name                      ; Value                                        ; Default Value ; Entity Name ; Section Id               ;
+--------------------------------------+----------------------------------------------+---------------+-------------+--------------------------+
; COMPILER_SIGNATURE_ID                ; 176305462568433.173552701524964              ; --            ; --          ; --                       ;
; EDA_DESIGN_INSTANCE_NAME             ; NA                                           ; --            ; --          ; clock_top_57             ;
; EDA_DESIGN_INSTANCE_NAME             ; NA                                           ; --            ; --          ; time_clock_correct_57_tb ;
; EDA_DESIGN_INSTANCE_NAME             ; NA                                           ; --            ; --          ; display_tb               ;
; EDA_NATIVELINK_SIMULATION_TEST_BENCH ; display_tb                                   ; --            ; --          ; eda_simulation           ;
; EDA_OUTPUT_DATA_FORMAT               ; Verilog Hdl                                  ; --            ; --          ; eda_simulation           ;
; EDA_SIMULATION_TOOL                  ; ModelSim (Verilog)                           ; <None>        ; --          ; --                       ;
; EDA_TEST_BENCH_ENABLE_STATUS         ; TEST_BENCH_MODE                              ; --            ; --          ; eda_simulation           ;
; EDA_TEST_BENCH_FILE                  ; simulation/modelsim/clock_top_57.vt          ; --            ; --          ; clock_top_57             ;
; EDA_TEST_BENCH_FILE                  ; simulation/modelsim/time_clock_correct_57.vt ; --            ; --          ; time_clock_correct_57_tb ;
; EDA_TEST_BENCH_FILE                  ; simulation/modelsim/display_57.vt            ; --            ; --          ; display_tb               ;
; EDA_TEST_BENCH_MODULE_NAME           ; clock_top_57_tb                              ; --            ; --          ; clock_top_57             ;
; EDA_TEST_BENCH_MODULE_NAME           ; time_clock_correct_57_tb                     ; --            ; --          ; time_clock_correct_57_tb ;
; EDA_TEST_BENCH_MODULE_NAME           ; display_tb                                   ; --            ; --          ; display_tb               ;
; EDA_TEST_BENCH_NAME                  ; clock_top_57                                 ; --            ; --          ; eda_simulation           ;
; EDA_TEST_BENCH_NAME                  ; time_clock_correct_57_tb                     ; --            ; --          ; eda_simulation           ;
; EDA_TEST_BENCH_NAME                  ; display_tb                                   ; --            ; --          ; eda_simulation           ;
; EDA_TIME_SCALE                       ; 1 ps                                         ; --            ; --          ; eda_simulation           ;
; MAX_CORE_JUNCTION_TEMP               ; 85                                           ; --            ; --          ; --                       ;
; MIN_CORE_JUNCTION_TEMP               ; 0                                            ; --            ; --          ; --                       ;
; PARTITION_COLOR                      ; 16764057                                     ; --            ; display_57  ; Top                      ;
; PARTITION_FITTER_PRESERVATION_LEVEL  ; PLACEMENT_AND_ROUTING                        ; --            ; display_57  ; Top                      ;
; PARTITION_NETLIST_TYPE               ; SOURCE                                       ; --            ; display_57  ; Top                      ;
; POWER_BOARD_THERMAL_MODEL            ; None (CONSERVATIVE)                          ; --            ; --          ; --                       ;
; POWER_PRESET_COOLING_SOLUTION        ; 23 MM HEAT SINK WITH 200 LFPM AIRFLOW        ; --            ; --          ; --                       ;
; PROJECT_OUTPUT_DIRECTORY             ; output_files                                 ; --            ; --          ; --                       ;
; TOP_LEVEL_ENTITY                     ; display_57                                   ; clock_57      ; --          ; --                       ;
+--------------------------------------+----------------------------------------------+---------------+-------------+--------------------------+


+-------------------------------------------------------------------------------------------------------------------------------+
; Flow Elapsed Time                                                                                                             ;
+---------------------------+--------------+-------------------------+---------------------+------------------------------------+
; Module Name               ; Elapsed Time ; Average Processors Used ; Peak Virtual Memory ; Total CPU Time (on all processors) ;
+---------------------------+--------------+-------------------------+---------------------+------------------------------------+
; Analysis & Synthesis      ; 00:00:04     ; 1.0                     ; 4671 MB             ; 00:00:00                           ;
; Fitter                    ; 00:00:07     ; 4.2                     ; 5766 MB             ; 00:00:02                           ;
; Assembler                 ; 00:00:01     ; 1.0                     ; 4606 MB             ; 00:00:00                           ;
; TimeQuest Timing Analyzer ; 00:00:02     ; 1.0                     ; 4765 MB             ; 00:00:00                           ;
; EDA Netlist Writer        ; 00:00:00     ; 1.0                     ; 4566 MB             ; 00:00:00                           ;
; Total                     ; 00:00:14     ; --                      ; --                  ; 00:00:02                           ;
+---------------------------+--------------+-------------------------+---------------------+------------------------------------+


+----------------------------------------------------------------------------------------+
; Flow OS Summary                                                                        ;
+---------------------------+------------------+-----------+------------+----------------+
; Module Name               ; Machine Hostname ; OS Name   ; OS Version ; Processor type ;
+---------------------------+------------------+-----------+------------+----------------+
; Analysis & Synthesis      ; Super-EvilLoong  ; Windows 7 ; 6.2        ; x86_64         ;
; Fitter                    ; Super-EvilLoong  ; Windows 7 ; 6.2        ; x86_64         ;
; Assembler                 ; Super-EvilLoong  ; Windows 7 ; 6.2        ; x86_64         ;
; TimeQuest Timing Analyzer ; Super-EvilLoong  ; Windows 7 ; 6.2        ; x86_64         ;
; EDA Netlist Writer        ; Super-EvilLoong  ; Windows 7 ; 6.2        ; x86_64         ;
+---------------------------+------------------+-----------+------------+----------------+


------------
; Flow Log ;
------------
quartus_map --read_settings_files=on --write_settings_files=off clock_57 -c clock_57
quartus_fit --read_settings_files=off --write_settings_files=off clock_57 -c clock_57
quartus_asm --read_settings_files=off --write_settings_files=off clock_57 -c clock_57
quartus_sta clock_57 -c clock_57
quartus_eda --read_settings_files=off --write_settings_files=off clock_57 -c clock_57



